0 info it worked if it ends with ok
1 verbose cli [ '/usr/local/Cellar/node/0.10.15/bin/node',
1 verbose cli   '/usr/local/bin/npm',
1 verbose cli   'unpublish',
1 verbose cli   'poet',
1 verbose cli   '--force' ]
2 info using npm@1.3.5
3 info using node@v0.10.15
4 warn using --force I sure hope you know what you are doing.
5 verbose url raw poet
6 verbose url resolving [ 'https://registry.npmjs.org/', './poet' ]
7 verbose url resolved https://registry.npmjs.org/poet
8 info trying registry request attempt 1 at 10:27:25
9 http GET https://registry.npmjs.org/poet
10 http 200 https://registry.npmjs.org/poet
11 silly registry.get cb [ 200,
11 silly registry.get   { date: 'Tue, 04 Mar 2014 10:27:25 GMT',
11 silly registry.get     server: 'CouchDB/1.5.0 (Erlang OTP/R16B)',
11 silly registry.get     etag: '"ARCS3QJIPNAO3PI6GUP86LIGC"',
11 silly registry.get     'content-type': 'application/json',
11 silly registry.get     'accept-ranges': 'bytes',
11 silly registry.get     via: '1.1 varnish',
11 silly registry.get     'cache-control': 'max-age=1',
11 silly registry.get     'content-length': '25658',
11 silly registry.get     'x-served-by': 'cache-v41-ASH, cache-lcy1121-LCY',
11 silly registry.get     'x-cache': 'MISS, MISS',
11 silly registry.get     'x-cache-hits': '0, 0',
11 silly registry.get     'x-timer': 'S1393928845.562774420,VS0,VS-161,VE-54,VE185',
11 silly registry.get     vary: 'Accept',
11 silly registry.get     'keep-alive': 'timeout=10, max=50',
11 silly registry.get     connection: 'Keep-Alive' } ]
12 info unpublish No version specified, removing all
13 verbose url raw poet/-rev/43-16ee2f01c1d21954b2999c3f47182b3f
14 verbose url resolving [ 'https://registry.npmjs.org/',
14 verbose url resolving   './poet/-rev/43-16ee2f01c1d21954b2999c3f47182b3f' ]
15 verbose url resolved https://registry.npmjs.org/poet/-rev/43-16ee2f01c1d21954b2999c3f47182b3f
16 info trying registry request attempt 1 at 10:27:26
17 http DELETE https://registry.npmjs.org/poet/-rev/43-16ee2f01c1d21954b2999c3f47182b3f
18 http 403 https://registry.npmjs.org/poet/-rev/43-16ee2f01c1d21954b2999c3f47182b3f
19 info trying registry request attempt 1 at 10:27:26
20 http DELETE https://registry.npmjs.org/poet/-rev/43-16ee2f01c1d21954b2999c3f47182b3f
21 http 403 https://registry.npmjs.org/poet/-rev/43-16ee2f01c1d21954b2999c3f47182b3f
22 error Error: forbidden user: waltercarvalho not authorized to modify poet
22 error Deleted: description
22 error Deleted: dist-tags
22 error Deleted: versions
22 error Deleted: readme
22 error Deleted: maintainers
22 error Added: time.unpublished
22 error Deleted: author
22 error Deleted: repository
22 error Deleted: readmeFilename
22 error Deleted: _revisions.ids.1
22 error Deleted: _revisions.ids.2
22 error Deleted: _revisions.ids.3
22 error Deleted: _revisions.ids.4
22 error Deleted: _revisions.ids.5
22 error Deleted: _revisions.ids.6
22 error Deleted: _revisions.ids.7
22 error Deleted: _revisions.ids.8
22 error Deleted: _revisions.ids.9
22 error Deleted: _revisions.ids.10
22 error Deleted: _revisions.ids.11
22 error Deleted: _revisions.ids.12
22 error Deleted: _revisions.ids.13
22 error Deleted: _revisions.ids.14
22 error Deleted: _revisions.ids.15
22 error Deleted: _revisions.ids.16
22 error Deleted: _revisions.ids.17
22 error Deleted: _revisions.ids.18
22 error Deleted: _revisions.ids.19
22 error Deleted: _revisions.ids.20
22 error Deleted: _revisions.ids.21
22 error Deleted: _revisions.ids.22
22 error Deleted: _revisions.ids.23
22 error Deleted: _revisions.ids.24
22 error Deleted: _revisions.ids.25
22 error Deleted: _revisions.ids.26
22 error Deleted: _revisions.ids.27
22 error Deleted: _revisions.ids.28
22 error Deleted: _revisions.ids.29
22 error Deleted: _revisions.ids.30
22 error Deleted: _revisions.ids.31
22 error Deleted: _revisions.ids.32
22 error Deleted: _revisions.ids.33
22 error Deleted: _revisions.ids.34
22 error Deleted: _revisions.ids.35
22 error Deleted: _revisions.ids.36
22 error Deleted: _revisions.ids.37
22 error Deleted: _revisions.ids.38
22 error Deleted: _revisions.ids.39
22 error Deleted: _revisions.ids.40
22 error Deleted: _revisions.ids.41
22 error Deleted: _revisions.ids.42
22 error Deleted: keywords
22 error Deleted: license: poet/-rev/43-16ee2f01c1d21954b2999c3f47182b3f
22 error     at RegClient.<anonymous> (/usr/local/Cellar/node/0.10.15/lib/node_modules/npm/node_modules/npm-registry-client/lib/request.js:272:14)
22 error     at Request.self.callback (/usr/local/Cellar/node/0.10.15/lib/node_modules/npm/node_modules/request/index.js:148:22)
22 error     at Request.EventEmitter.emit (events.js:98:17)
22 error     at Request.<anonymous> (/usr/local/Cellar/node/0.10.15/lib/node_modules/npm/node_modules/request/index.js:876:14)
22 error     at Request.EventEmitter.emit (events.js:117:20)
22 error     at IncomingMessage.<anonymous> (/usr/local/Cellar/node/0.10.15/lib/node_modules/npm/node_modules/request/index.js:827:12)
22 error     at IncomingMessage.EventEmitter.emit (events.js:117:20)
22 error     at _stream_readable.js:910:16
22 error     at process._tickCallback (node.js:415:13)
23 error If you need help, you may report this log at:
23 error     <http://github.com/isaacs/npm/issues>
23 error or email it to:
23 error     <npm-@googlegroups.com>
24 error System Darwin 13.1.0
25 error command "/usr/local/Cellar/node/0.10.15/bin/node" "/usr/local/bin/npm" "unpublish" "poet" "--force"
26 error cwd /Users/waltercarvalho/Documents/clustter/clustter.client
27 error node -v v0.10.15
28 error npm -v 1.3.5
29 verbose exit [ 1, true ]
